  Application.cpp
  GameStateManager.cpp
  IntroState.cpp
C:\Program Files (x86)\Windows Kits\10\Include\10.0.19041.0\shared\minwindef.h(130,1): warning C4005: 'APIENTRY': macro redefinition
C:\Mark Stuff DONT TOUCH\Year 2\1_STUDIOPROJECT3\SP3 WORKSPACE\SP3\glfw\include\GLFW\glfw3.h(98): message : see previous definition of 'APIENTRY'
  MenuState.cpp
C:\Program Files (x86)\Windows Kits\10\Include\10.0.19041.0\shared\minwindef.h(130,1): warning C4005: 'APIENTRY': macro redefinition
C:\Mark Stuff DONT TOUCH\Year 2\1_STUDIOPROJECT3\SP3 WORKSPACE\SP3\glfw\include\GLFW\glfw3.h(98): message : see previous definition of 'APIENTRY'
C:\Mark Stuff DONT TOUCH\Year 2\1_STUDIOPROJECT3\SP3 WORKSPACE\SP3\App\Source\GameStateManagement\MenuState.cpp(134,44): warning C4244: 'argument': conversion from 'double' to 'float', possible loss of data
C:\Mark Stuff DONT TOUCH\Year 2\1_STUDIOPROJECT3\SP3 WORKSPACE\SP3\App\Source\GameStateManagement\MenuState.cpp(133,75): warning C4244: 'argument': conversion from 'double' to 'float', possible loss of data
C:\Mark Stuff DONT TOUCH\Year 2\1_STUDIOPROJECT3\SP3 WORKSPACE\SP3\App\Source\GameStateManagement\MenuState.cpp(135,95): warning C4244: 'argument': conversion from 'unsigned int' to 'float', possible loss of data
C:\Mark Stuff DONT TOUCH\Year 2\1_STUDIOPROJECT3\SP3 WORKSPACE\SP3\App\Source\GameStateManagement\MenuState.cpp(135,55): warning C4244: 'argument': conversion from 'unsigned int' to 'float', possible loss of data
  Music.cpp
C:\Program Files (x86)\Windows Kits\10\Include\10.0.19041.0\shared\minwindef.h(130,1): warning C4005: 'APIENTRY': macro redefinition
C:\Mark Stuff DONT TOUCH\Year 2\1_STUDIOPROJECT3\SP3 WORKSPACE\SP3\glfw\include\GLFW\glfw3.h(98): message : see previous definition of 'APIENTRY'
C:\Mark Stuff DONT TOUCH\Year 2\1_STUDIOPROJECT3\SP3 WORKSPACE\SP3\App\Source\GameStateManagement\Music.cpp(132,44): warning C4244: 'argument': conversion from 'double' to 'float', possible loss of data
C:\Mark Stuff DONT TOUCH\Year 2\1_STUDIOPROJECT3\SP3 WORKSPACE\SP3\App\Source\GameStateManagement\Music.cpp(131,75): warning C4244: 'argument': conversion from 'double' to 'float', possible loss of data
C:\Mark Stuff DONT TOUCH\Year 2\1_STUDIOPROJECT3\SP3 WORKSPACE\SP3\App\Source\GameStateManagement\Music.cpp(133,95): warning C4244: 'argument': conversion from 'unsigned int' to 'float', possible loss of data
C:\Mark Stuff DONT TOUCH\Year 2\1_STUDIOPROJECT3\SP3 WORKSPACE\SP3\App\Source\GameStateManagement\Music.cpp(133,55): warning C4244: 'argument': conversion from 'unsigned int' to 'float', possible loss of data
  PlayGameState.cpp
C:\Program Files (x86)\Windows Kits\10\Include\10.0.19041.0\shared\minwindef.h(130,1): warning C4005: 'APIENTRY': macro redefinition
C:\Mark Stuff DONT TOUCH\Year 2\1_STUDIOPROJECT3\SP3 WORKSPACE\SP3\glfw\include\GLFW\glfw3.h(98): message : see previous definition of 'APIENTRY'
  WinState.cpp
C:\Program Files (x86)\Windows Kits\10\Include\10.0.19041.0\shared\minwindef.h(130,1): warning C4005: 'APIENTRY': macro redefinition
C:\Mark Stuff DONT TOUCH\Year 2\1_STUDIOPROJECT3\SP3 WORKSPACE\SP3\glfw\include\GLFW\glfw3.h(98): message : see previous definition of 'APIENTRY'
  main.cpp
  BackgroundEntity.cpp
  Bullet.cpp
  DoubleShot.cpp
  Enemy2D.cpp
C:\Mark Stuff DONT TOUCH\Year 2\1_STUDIOPROJECT3\SP3 WORKSPACE\SP3\App\Source\Scene2D\Enemy2D.cpp(406,100): warning C4244: 'argument': conversion from 'int' to 'float', possible loss of data
C:\Mark Stuff DONT TOUCH\Year 2\1_STUDIOPROJECT3\SP3 WORKSPACE\SP3\App\Source\Scene2D\Enemy2D.cpp(406,83): warning C4244: 'argument': conversion from 'T' to 'float', possible loss of data
          with
          [
              T=glm::i32
          ]
C:\Mark Stuff DONT TOUCH\Year 2\1_STUDIOPROJECT3\SP3 WORKSPACE\SP3\App\Source\Scene2D\Enemy2D.cpp(665,22): warning C4018: '>=': signed/unsigned mismatch
C:\Mark Stuff DONT TOUCH\Year 2\1_STUDIOPROJECT3\SP3 WORKSPACE\SP3\App\Source\Scene2D\Enemy2D.cpp(695,22): warning C4018: '>=': signed/unsigned mismatch
C:\Mark Stuff DONT TOUCH\Year 2\1_STUDIOPROJECT3\SP3 WORKSPACE\SP3\App\Source\Scene2D\Enemy2D.cpp(789,66): warning C4244: '-=': conversion from 'float' to 'T', possible loss of data
          with
          [
              T=glm::i32
          ]
C:\Mark Stuff DONT TOUCH\Year 2\1_STUDIOPROJECT3\SP3 WORKSPACE\SP3\App\Source\Scene2D\Enemy2D.cpp(842,60): warning C4244: '-=': conversion from 'double' to 'T', possible loss of data
          with
          [
              T=glm::i32
          ]
  EntityFactory.cpp
  EntityManager.cpp
  GameManager.cpp
  GUI_Scene2D.cpp
  InventoryItem.cpp
  InventoryManager.cpp
  Map2D.cpp
C:\Mark Stuff DONT TOUCH\Year 2\1_STUDIOPROJECT3\SP3 WORKSPACE\SP3\App\Source\Scene2D\Map2D.cpp(681,32): warning C4018: '<': signed/unsigned mismatch
C:\Mark Stuff DONT TOUCH\Year 2\1_STUDIOPROJECT3\SP3 WORKSPACE\SP3\App\Source\Scene2D\Map2D.cpp(682,26): warning C4018: '<': signed/unsigned mismatch
C:\Mark Stuff DONT TOUCH\Year 2\1_STUDIOPROJECT3\SP3 WORKSPACE\SP3\App\Source\Scene2D\Map2D.cpp(743,20): warning C4018: '<': signed/unsigned mismatch
C:\Mark Stuff DONT TOUCH\Year 2\1_STUDIOPROJECT3\SP3 WORKSPACE\SP3\App\Source\Scene2D\Map2D.cpp(752,20): warning C4018: '<': signed/unsigned mismatch
  MapManager.cpp
  Generating Code...
  Compiling...
  Physics2D.cpp
  Player2D.cpp
C:\Mark Stuff DONT TOUCH\Year 2\1_STUDIOPROJECT3\SP3 WORKSPACE\SP3\App\Source\Scene2D\Player2D.cpp(224,107): warning C4244: 'argument': conversion from 'T' to 'const float', possible loss of data
          with
          [
              T=glm::i32
          ]
C:\Mark Stuff DONT TOUCH\Year 2\1_STUDIOPROJECT3\SP3 WORKSPACE\SP3\App\Source\Scene2D\Player2D.cpp(259,107): warning C4244: 'argument': conversion from 'T' to 'const float', possible loss of data
          with
          [
              T=glm::i32
          ]
C:\Mark Stuff DONT TOUCH\Year 2\1_STUDIOPROJECT3\SP3 WORKSPACE\SP3\App\Source\Scene2D\Player2D.cpp(265,108): warning C4244: 'argument': conversion from 'T' to 'const float', possible loss of data
          with
          [
              T=glm::i32
          ]
C:\Mark Stuff DONT TOUCH\Year 2\1_STUDIOPROJECT3\SP3 WORKSPACE\SP3\App\Source\Scene2D\Player2D.cpp(292,107): warning C4244: 'argument': conversion from 'T' to 'const float', possible loss of data
          with
          [
              T=glm::i32
          ]
C:\Mark Stuff DONT TOUCH\Year 2\1_STUDIOPROJECT3\SP3 WORKSPACE\SP3\App\Source\Scene2D\Player2D.cpp(297,108): warning C4244: 'argument': conversion from 'T' to 'const float', possible loss of data
          with
          [
              T=glm::i32
          ]
C:\Mark Stuff DONT TOUCH\Year 2\1_STUDIOPROJECT3\SP3 WORKSPACE\SP3\App\Source\Scene2D\Player2D.cpp(317,107): warning C4244: 'argument': conversion from 'T' to 'const float', possible loss of data
          with
          [
              T=glm::i32
          ]
C:\Mark Stuff DONT TOUCH\Year 2\1_STUDIOPROJECT3\SP3 WORKSPACE\SP3\App\Source\Scene2D\Player2D.cpp(323,108): warning C4244: 'argument': conversion from 'T' to 'const float', possible loss of data
          with
          [
              T=glm::i32
          ]
C:\Mark Stuff DONT TOUCH\Year 2\1_STUDIOPROJECT3\SP3 WORKSPACE\SP3\App\Source\Scene2D\Player2D.cpp(412,42): warning C4244: 'argument': conversion from 'double' to 'float', possible loss of data
C:\Mark Stuff DONT TOUCH\Year 2\1_STUDIOPROJECT3\SP3 WORKSPACE\SP3\App\Source\Scene2D\Player2D.cpp(413,42): warning C4244: 'argument': conversion from 'double' to 'float', possible loss of data
C:\Mark Stuff DONT TOUCH\Year 2\1_STUDIOPROJECT3\SP3 WORKSPACE\SP3\App\Source\Scene2D\Player2D.cpp(422,24): warning C4244: '-=': conversion from 'const double' to 'float', possible loss of data
C:\Mark Stuff DONT TOUCH\Year 2\1_STUDIOPROJECT3\SP3 WORKSPACE\SP3\App\Source\Scene2D\Player2D.cpp(635,22): warning C4018: '>=': signed/unsigned mismatch
C:\Mark Stuff DONT TOUCH\Year 2\1_STUDIOPROJECT3\SP3 WORKSPACE\SP3\App\Source\Scene2D\Player2D.cpp(665,22): warning C4018: '>=': signed/unsigned mismatch
C:\Mark Stuff DONT TOUCH\Year 2\1_STUDIOPROJECT3\SP3 WORKSPACE\SP3\App\Source\Scene2D\Player2D.cpp(759,66): warning C4244: '-=': conversion from 'float' to 'T', possible loss of data
          with
          [
              T=glm::i32
          ]
C:\Mark Stuff DONT TOUCH\Year 2\1_STUDIOPROJECT3\SP3 WORKSPACE\SP3\App\Source\Scene2D\Player2D.cpp(812,60): warning C4244: '-=': conversion from 'double' to 'T', possible loss of data
          with
          [
              T=glm::i32
          ]
  Scene2D.cpp
C:\Mark Stuff DONT TOUCH\Year 2\1_STUDIOPROJECT3\SP3 WORKSPACE\SP3\App\Source\Scene2D\Scene2D.cpp(47,20): warning C4018: '<': signed/unsigned mismatch
C:\Mark Stuff DONT TOUCH\Year 2\1_STUDIOPROJECT3\SP3 WORKSPACE\SP3\App\Source\Scene2D\Scene2D.cpp(192,20): warning C4018: '<': signed/unsigned mismatch
C:\Mark Stuff DONT TOUCH\Year 2\1_STUDIOPROJECT3\SP3 WORKSPACE\SP3\App\Source\Scene2D\Scene2D.cpp(281,20): warning C4018: '<': signed/unsigned mismatch
  Spike.cpp
  SoundController.cpp
  SoundInfo.cpp
  Generating Code...
LINK : warning LNK4098: defaultlib 'MSVCRT' conflicts with use of other libs; use /NODEFAULTLIB:library
  App.vcxproj -> C:\Mark Stuff DONT TOUCH\Year 2\1_STUDIOPROJECT3\SP3 WORKSPACE\SP3\Debug\App.exe
