d:\2d game creation\nyp_framework_week16_solution\nyp_framework_week16_solution\app\debug\vc142.pdb
d:\2d game creation\nyp_framework_week16_solution\nyp_framework_week16_solution\app\debug\vc142.idb
d:\2d game creation\nyp_framework_week16_solution\nyp_framework_week16_solution\app\debug\spike.obj
d:\2d game creation\nyp_framework_week16_solution\nyp_framework_week16_solution\app\debug\scene2d.obj
d:\2d game creation\nyp_framework_week16_solution\nyp_framework_week16_solution\app\debug\player2d.obj
d:\2d game creation\nyp_framework_week16_solution\nyp_framework_week16_solution\app\debug\physics2d.obj
d:\2d game creation\nyp_framework_week16_solution\nyp_framework_week16_solution\app\debug\map2d.obj
d:\2d game creation\nyp_framework_week16_solution\nyp_framework_week16_solution\app\debug\inventorymanager.obj
d:\2d game creation\nyp_framework_week16_solution\nyp_framework_week16_solution\app\debug\inventoryitem.obj
d:\2d game creation\nyp_framework_week16_solution\nyp_framework_week16_solution\app\debug\gui_scene2d.obj
d:\2d game creation\nyp_framework_week16_solution\nyp_framework_week16_solution\app\debug\gamemanager.obj
d:\2d game creation\nyp_framework_week16_solution\nyp_framework_week16_solution\app\debug\entitymanager.obj
d:\2d game creation\nyp_framework_week16_solution\nyp_framework_week16_solution\app\debug\entityfactory.obj
d:\2d game creation\nyp_framework_week16_solution\nyp_framework_week16_solution\app\debug\enemy2d.obj
d:\2d game creation\nyp_framework_week16_solution\nyp_framework_week16_solution\app\debug\bullet.obj
d:\2d game creation\nyp_framework_week16_solution\nyp_framework_week16_solution\app\debug\backgroundentity.obj
d:\2d game creation\nyp_framework_week16_solution\nyp_framework_week16_solution\app\debug\main.obj
d:\2d game creation\nyp_framework_week16_solution\nyp_framework_week16_solution\app\debug\playgamestate.obj
d:\2d game creation\nyp_framework_week16_solution\nyp_framework_week16_solution\app\debug\menustate.obj
d:\2d game creation\nyp_framework_week16_solution\nyp_framework_week16_solution\app\debug\introstate.obj
d:\2d game creation\nyp_framework_week16_solution\nyp_framework_week16_solution\app\debug\gamestatemanager.obj
d:\2d game creation\nyp_framework_week16_solution\nyp_framework_week16_solution\app\debug\application.obj
d:\2d game creation\nyp_framework_week16_solution\nyp_framework_week16_solution\app\debug\soundinfo.obj
d:\2d game creation\nyp_framework_week16_solution\nyp_framework_week16_solution\app\debug\soundcontroller.obj
d:\2d game creation\nyp_framework_week16_solution\nyp_framework_week16_solution\app\debug\music.obj
d:\2d game creation\nyp_framework_week16_solution\nyp_framework_week16_solution\app\debug\about.obj
d:\2d game creation\nyp_framework_week16_solution\nyp_framework_week16_solution\app\debug\winstate.obj
d:\2d game creation\nyp_framework_week16_solution\nyp_framework_week16_solution\debug\app.exe
d:\2d game creation\nyp_framework_week16_solution\nyp_framework_week16_solution\debug\app.ilk
d:\2d game creation\nyp_framework_week16_solution\nyp_framework_week16_solution\debug\app.pdb
d:\2d game creation\nyp_framework_week16_solution\nyp_framework_week16_solution\app\debug\app.tlog\cl.command.1.tlog
d:\2d game creation\nyp_framework_week16_solution\nyp_framework_week16_solution\app\debug\app.tlog\cl.read.1.tlog
d:\2d game creation\nyp_framework_week16_solution\nyp_framework_week16_solution\app\debug\app.tlog\cl.write.1.tlog
d:\2d game creation\nyp_framework_week16_solution\nyp_framework_week16_solution\app\debug\app.tlog\link.command.1.tlog
d:\2d game creation\nyp_framework_week16_solution\nyp_framework_week16_solution\app\debug\app.tlog\link.read.1.tlog
d:\2d game creation\nyp_framework_week16_solution\nyp_framework_week16_solution\app\debug\app.tlog\link.write.1.tlog
